[@sentry/nextjs] It appears you've configured a `sentry.server.config.ts` file. Please ensure to put this file's content into the `register()` function of a Next.js instrumentation hook instead. To ensure correct functionality of the SDK, `Sentry.init` must be called inside `instrumentation.ts`. Learn more about setting up an instrumentation hook in Next.js: https://nextjs.org/docs/app/building-your-application/optimizing/instrumentation. You can safely delete the `sentry.server.config.ts` file afterward.
 ⨯ Error: Cannot find module './270.js'
Require stack:
- D:\My Coding Projects\automation\.next\server\webpack-runtime.js
- D:\My Coding Projects\automation\.next\server\app\(marketing)\page.js
- D:\My Coding Projects\automation\node_modules\next\dist\server\require.js
- D:\My Coding Projects\automation\node_modules\next\dist\server\load-components.js
- D:\My Coding Projects\automation\node_modules\next\dist\build\utils.js
- D:\My Coding Projects\automation\node_modules\next\dist\server\dev\hot-middleware.js
- D:\My Coding Projects\automation\node_modules\next\dist\server\dev\hot-reloader-webpack.js
- D:\My Coding Projects\automation\node_modules\next\dist\server\lib\router-utils\setup-dev-bundler.js
- D:\My Coding Projects\automation\node_modules\next\dist\server\lib\router-server.js
- D:\My Coding Projects\automation\node_modules\next\dist\server\lib\start-server.js
    at Module.<anonymous> (node:internal/modules/cjs/loader:1500:15)
    at D:\My Coding Projects\automation\node_modules\next\dist\server\require-hook.js:55:36
    at wrapResolveFilename (node:internal/modules/cjs/loader:1071:27)
    at defaultResolveImplForCJSLoading (node:internal/modules/cjs/loader:1095:10)
    at resolveForCJSWithHooks (node:internal/modules/cjs/loader:1116:12)
    at Module._load (node:internal/modules/cjs/loader:1285:25)
    at wrapModuleLoad (node:internal/modules/cjs/loader:255:19)
    at Module.<anonymous> (node:internal/modules/cjs/loader:1600:12)
    at mod.require (D:\My Coding Projects\automation\node_modules\next\dist\server\require-hook.js:65:28)
    at require (node:internal/modules/helpers:153:16)
    at __webpack_require__.f.require (D:\My Coding Projects\automation\.next\server\webpack-runtime.js:201:28)
    at D:\My Coding Projects\automation\.next\server\webpack-runtime.js:114:40
    at Array.reduce (<anonymous>)
    at __webpack_require__.e (D:\My Coding Projects\automation\.next\server\webpack-runtime.js:113:67)
    at Array.map (<anonymous>)
    at __webpack_require__.X (D:\My Coding Projects\automation\.next\server\webpack-runtime.js:165:22)
    at D:\My Coding Projects\automation\.next\server\app\(marketing)\page.js:1:15973
    at Object.<anonymous> (D:\My Coding Projects\automation\.next\server\app\(marketing)\page.js:1:16015)
    at Module._compile (node:internal/modules/cjs/loader:1854:14)
    at Object..js (node:internal/modules/cjs/loader:1985:10)
    at Module.load (node:internal/modules/cjs/loader:1577:32)
    at Module._load (node:internal/modules/cjs/loader:1379:12)
    at wrapModuleLoad (node:internal/modules/cjs/loader:255:19)
    at Module.<anonymous> (node:internal/modules/cjs/loader:1600:12)
    at mod.require (D:\My Coding Projects\automation\node_modules\next\dist\server\require-hook.js:65:28)
    at require (node:internal/modules/helpers:153:16)
    at requirePage (D:\My Coding Projects\automation\node_modules\next\dist\server\require.js:109:84)
    at D:\My Coding Projects\automation\node_modules\next\dist\server\load-components.js:103:84
    at async loadComponentsImpl (D:\My Coding Projects\automation\node_modules\next\dist\server\load-components.js:103:26)
    at async DevServer.findPageComponentsImpl (D:\My Coding Projects\automation\node_modules\next\dist\server\next-server.js:714:36)
    at async DevServer.findPageComponents (D:\My Coding Projects\automation\node_modules\next\dist\server\dev\next-dev-server.js:577:20)
    at async DevServer.renderPageComponent (D:\My Coding Projects\automation\node_modules\next\dist\server\base-server.js:1910:24)
    at async DevServer.renderToResponseImpl (D:\My Coding Projects\automation\node_modules\next\dist\server\base-server.js:1962:32)
    at async DevServer.pipeImpl (D:\My Coding Projects\automation\node_modules\next\dist\server\base-server.js:922:25)
    at async NextNodeServer.handleCatchallRenderRequest (D:\My Coding Projects\automation\node_modules\next\dist\server\next-server.js:272:17)
    at async DevServer.handleRequestImpl (D:\My Coding Projects\automation\node_modules\next\dist\server\base-server.js:818:17)
    at async D:\My Coding Projects\automation\node_modules\next\dist\server\dev\next-dev-server.js:339:20
    at async Span.traceAsyncFn (D:\My Coding Projects\automation\node_modules\next\dist\trace\trace.js:154:20)
    at async DevServer.handleRequest (D:\My Coding Projects\automation\node_modules\next\dist\server\dev\next-dev-server.js:336:24)
    at async invokeRender (D:\My Coding Projects\automation\node_modules\next\dist\server\lib\router-server.js:179:21)
    at async handleRequest (D:\My Coding Projects\automation\node_modules\next\dist\server\lib\router-server.js:359:24)
    at async requestHandlerImpl (D:\My Coding Projects\automation\node_modules\next\dist\server\lib\router-server.js:383:13)
    at async Server.requestListener (D:\My Coding Projects\automation\node_modules\next\dist\server\lib\start-server.js:141:13) {
  code: 'MODULE_NOT_FOUND',
  requireStack: [
    'D:\\My Coding Projects\\automation\\.next\\server\\webpack-runtime.js',
    'D:\\My Coding Projects\\automation\\.next\\server\\app\\(marketing)\\page.js',
    'D:\\My Coding Projects\\automation\\node_modules\\next\\dist\\server\\require.js',
    'D:\\My Coding Projects\\automation\\node_modules\\next\\dist\\server\\load-components.js',
    'D:\\My Coding Projects\\automation\\node_modules\\next\\dist\\build\\utils.js',
    'D:\\My Coding Projects\\automation\\node_modules\\next\\dist\\server\\dev\\hot-middleware.js',
    'D:\\My Coding Projects\\automation\\node_modules\\next\\dist\\server\\dev\\hot-reloader-webpack.js',
    'D:\\My Coding Projects\\automation\\node_modules\\next\\dist\\server\\lib\\router-utils\\setup-dev-bundler.js',
    'D:\\My Coding Projects\\automation\\node_modules\\next\\dist\\server\\lib\\router-server.js',
    'D:\\My Coding Projects\\automation\\node_modules\\next\\dist\\server\\lib\\start-server.js'
  ],
  page: '/'
}
<w> [webpack.cache.PackFileCacheStrategy] Caching failed for pack: Error: ENOENT: no such file or directory, lstat 'D:\My Coding Projects\automation\.next\server\vendor-chunks\clsx.js'
<w> [webpack.cache.PackFileCacheStrategy/webpack.FileSystemInfo] Resolving './vendor-chunks/clsx' in D:\My Coding Projects\automation\.next\server for build dependencies doesn't lead to expected result 'D:\My Coding Projects\automation\.next\server\vendor-chunks\clsx.js', but to 'Error: Can't resolve './vendor-chunks/clsx' in 'D:\My Coding Projects\automation\.next\server'' instead. Resolving dependencies are ignored for this path.
<w>  at resolve commonjs file ./vendor-chunks/clsx (expected D:\My Coding Projects\automation\.next\server\vendor-chunks\clsx.js)
<w>  at file dependencies D:\My Coding Projects\automation\.next\server\webpack-runtime.js
<w>  at file D:\My Coding Projects\automation\.next\server\webpack-runtime.js
<w>  at file dependencies D:\My Coding Projects\automation\.next\server\app\(dashboard)\settings\page.js
<w>  at file D:\My Coding Projects\automation\.next\server\app\(dashboard)\settings\page.js
<w>  at file dependencies D:\My Coding Projects\automation\node_modules\next\dist\server\require.js
<w>  at file D:\My Coding Projects\automation\node_modules\next\dist\server\require.js
<w>  at file dependencies D:\My Coding Projects\automation\node_modules\next\dist\server\load-components.js
<w>  at file D:\My Coding Projects\automation\node_modules\next\dist\server\load-components.js
<w>  at file dependencies D:\My Coding Projects\automation\node_modules\next\dist\build\utils.js
<w>  at file D:\My Coding Projects\automation\node_modules\next\dist\build\utils.js
<w>  at file dependencies D:\My Coding Projects\automation\node_modules\next\dist\build\webpack\loaders\next-route-loader\index.js
<w>  at file D:\My Coding Projects\automation\node_modules\next\dist\build\webpack\loaders\next-route-loader\index.js
<w>  at resolve commonjs D:\My Coding Projects\automation\node_modules\next\dist\build\webpack\loaders\next-route-loader\index.js
<w> [webpack.cache.PackFileCacheStrategy/webpack.FileSystemInfo] Resolving './vendor-chunks/hasown' in D:\My Coding Projects\automation\.next\server for build dependencies doesn't lead to expected result 'D:\My Coding Projects\automation\.next\server\vendor-chunks\hasown.js', but to 'Error: Can't resolve './vendor-chunks/hasown' in 'D:\My Coding Projects\automation\.next\server'' instead. Resolving dependencies are ignored for this path.
<w>  at resolve commonjs file ./vendor-chunks/hasown (expected D:\My Coding Projects\automation\.next\server\vendor-chunks\hasown.js)
<w>  at file dependencies D:\My Coding Projects\automation\.next\server\webpack-runtime.js
<w>  at file D:\My Coding Projects\automation\.next\server\webpack-runtime.js
<w>  at file dependencies D:\My Coding Projects\automation\.next\server\app\(dashboard)\settings\page.js
<w>  at file D:\My Coding Projects\automation\.next\server\app\(dashboard)\settings\page.js
<w>  at file dependencies D:\My Coding Projects\automation\node_modules\next\dist\server\require.js
<w>  at file D:\My Coding Projects\automation\node_modules\next\dist\server\require.js
<w>  at file dependencies D:\My Coding Projects\automation\node_modules\next\dist\server\load-components.js
<w>  at file D:\My Coding Projects\automation\node_modules\next\dist\server\load-components.js
<w>  at file dependencies D:\My Coding Projects\automation\node_modules\next\dist\build\utils.js
<w>  at file D:\My Coding Projects\automation\node_modules\next\dist\build\utils.js
<w>  at file dependencies D:\My Coding Projects\automation\node_modules\next\dist\build\webpack\loaders\next-route-loader\index.js
<w>  at file D:\My Coding Projects\automation\node_modules\next\dist\build\webpack\loaders\next-route-loader\index.js
<w>  at resolve commonjs D:\My Coding Projects\automation\node_modules\next\dist\build\webpack\loaders\next-route-loader\index.js
<w> [webpack.cache.PackFileCacheStrategy/webpack.FileSystemInfo] Resolving './vendor-chunks/has-flag' in D:\My Coding Projects\automation\.next\server for build dependencies doesn't lead to expected result 'D:\My Coding Projects\automation\.next\server\vendor-chunks\has-flag.js', but to 'Error: Can't resolve './vendor-chunks/has-flag' in 'D:\My Coding Projects\automation\.next\server'' instead. Resolving dependencies are ignored for this path.
<w>  at resolve commonjs file ./vendor-chunks/has-flag (expected D:\My Coding Projects\automation\.next\server\vendor-chunks\has-flag.js)
<w>  at file dependencies D:\My Coding Projects\automation\.next\server\webpack-runtime.js
<w>  at file D:\My Coding Projects\automation\.next\server\webpack-runtime.js
<w>  at file dependencies D:\My Coding Projects\automation\.next\server\app\(dashboard)\settings\page.js
<w>  at file D:\My Coding Projects\automation\.next\server\app\(dashboard)\settings\page.js
<w>  at file dependencies D:\My Coding Projects\automation\node_modules\next\dist\server\require.js
<w>  at file D:\My Coding Projects\automation\node_modules\next\dist\server\require.js
<w>  at file dependencies D:\My Coding Projects\automation\node_modules\next\dist\server\load-components.js
<w>  at file D:\My Coding Projects\automation\node_modules\next\dist\server\load-components.js
<w>  at file dependencies D:\My Coding Projects\automation\node_modules\next\dist\build\utils.js
<w>  at file D:\My Coding Projects\automation\node_modules\next\dist\build\utils.js
<w>  at file dependencies D:\My Coding Projects\automation\node_modules\next\dist\build\webpack\loaders\next-route-loader\index.js
<w>  at file D:\My Coding Projects\automation\node_modules\next\dist\build\webpack\loaders\next-route-loader\index.js
<w>  at resolve commonjs D:\My Coding Projects\automation\node_modules\next\dist\build\webpack\loaders\next-route-loader\index.js
